c:\users\user\documents\universidad\infor3o\juego clase\headvolley\tmp\headvolley.pch
c:\users\user\documents\universidad\infor3o\juego clase\headvolley\tmp\vc141.pdb
c:\users\user\documents\universidad\infor3o\juego clase\headvolley\tmp\vc141.idb
c:\users\user\documents\universidad\infor3o\juego clase\headvolley\tmp\stdafx.obj
c:\users\user\documents\universidad\infor3o\juego clase\headvolley\tmp\coordinadorheadvolley.obj
c:\users\user\documents\universidad\infor3o\juego clase\headvolley\tmp\headvolley.obj
c:\users\user\documents\universidad\infor3o\juego clase\headvolley\tmp\caja.obj
c:\users\user\documents\universidad\infor3o\juego clase\headvolley\tmp\esfera.obj
c:\users\user\documents\universidad\infor3o\juego clase\headvolley\tmp\hombre.obj
c:\users\user\documents\universidad\infor3o\juego clase\headvolley\tmp\interaccion.obj
c:\users\user\documents\universidad\infor3o\juego clase\headvolley\tmp\mundo.obj
c:\users\user\documents\universidad\infor3o\juego clase\headvolley\tmp\objetomovil.obj
c:\users\user\documents\universidad\infor3o\juego clase\headvolley\tmp\pared.obj
c:\users\user\documents\universidad\infor3o\juego clase\headvolley\tmp\red.obj
c:\users\user\documents\universidad\infor3o\juego clase\headvolley\tmp\vector2d.obj
c:\users\user\documents\universidad\infor3o\juego clase\headvolley\bin\headvolley.exe
c:\users\user\documents\universidad\infor3o\juego clase\headvolley\bin\headvolley.ilk
c:\users\user\documents\universidad\infor3o\juego clase\headvolley\bin\headvolley.pdb
c:\users\user\documents\universidad\infor3o\juego clase\headvolley\.\bin\headvolley.exe
c:\users\user\documents\universidad\infor3o\juego clase\headvolley\tmp\headvolley.tlog\cl.command.1.tlog
c:\users\user\documents\universidad\infor3o\juego clase\headvolley\tmp\headvolley.tlog\cl.read.1.tlog
c:\users\user\documents\universidad\infor3o\juego clase\headvolley\tmp\headvolley.tlog\cl.write.1.tlog
c:\users\user\documents\universidad\infor3o\juego clase\headvolley\tmp\headvolley.tlog\link.command.1.tlog
c:\users\user\documents\universidad\infor3o\juego clase\headvolley\tmp\headvolley.tlog\link.read.1.tlog
c:\users\user\documents\universidad\infor3o\juego clase\headvolley\tmp\headvolley.tlog\link.write.1.tlog
